<?xml version="1.0" encoding="UTF-8"?>
<testsuite name="com.quantitymeasurement.QuantityTest" tests="11" skipped="0" failures="0" errors="0" timestamp="2020-04-21T18:10:50" hostname="DESKTOP-DKJKMVK" time="0.009">
  <properties/>
  <testcase name="givenInchAndFeet_whenDifferentType_shouldReturnNotEqual" classname="com.quantitymeasurement.QuantityTest" time="0.005"/>
  <testcase name="givenOf1NullInchObject_ShouldReturnNotEqual" classname="com.quantitymeasurement.QuantityTest" time="0.0"/>
  <testcase name="givenOf0FeetAnd0Feet_ShouldReturnEqual" classname="com.quantitymeasurement.QuantityTest" time="0.0"/>
  <testcase name="givenOf0InchAnd1Inch_whenDifferentValues_ShouldreturnNotEqual" classname="com.quantitymeasurement.QuantityTest" time="0.0"/>
  <testcase name="givenStringAndFeet_whenDifferentType_shouldReturnNotEqual" classname="com.quantitymeasurement.QuantityTest" time="0.0"/>
  <testcase name="givenOf0FeetAnd1Feet_whenDifferentValues_ShouldreturnNotEqual" classname="com.quantitymeasurement.QuantityTest" time="0.0"/>
  <testcase name="givenOf1NullFeetObject_ShouldReturnNotEqual" classname="com.quantitymeasurement.QuantityTest" time="0.0"/>
  <testcase name="givenOf0InchAnd0Inch_ShouldReturnEqual" classname="com.quantitymeasurement.QuantityTest" time="0.0"/>
  <testcase name="givenFeetAndFeet_whenSameType_shouldReturnEqual" classname="com.quantitymeasurement.QuantityTest" time="0.0"/>
  <testcase name="givenOfReferenceInchAndInch_ShouldReturnEqual" classname="com.quantitymeasurement.QuantityTest" time="0.0"/>
  <testcase name="givenOfReferencefeetAndFeet_ShouldReturnEqual" classname="com.quantitymeasurement.QuantityTest" time="0.0"/>
  <system-out><![CDATA[]]></system-out>
  <system-err><![CDATA[]]></system-err>
</testsuite>
