<?xml version="1.0" encoding="UTF-8"?>
<testsuite name="com.quantitymeasurement.QuantityTest" tests="15" skipped="0" failures="0" errors="0" timestamp="2020-04-22T16:56:43" hostname="DESKTOP-DKJKMVK" time="0.008">
  <properties/>
  <testcase name="givenInchAndFeet_whenDifferentType_shouldReturnNotEqual" classname="com.quantitymeasurement.QuantityTest" time="0.004"/>
  <testcase name="givenOf1NullInchObject_ShouldReturnNotEqual" classname="com.quantitymeasurement.QuantityTest" time="0.0"/>
  <testcase name="given12InchAnd1Feet_shouldReturnEqual" classname="com.quantitymeasurement.QuantityTest" time="0.0"/>
  <testcase name="givenOf0FeetAnd0Feet_ShouldReturnEqual" classname="com.quantitymeasurement.QuantityTest" time="0.0"/>
  <testcase name="given1FeetAnd1Inch_shouldReturnNotEqual" classname="com.quantitymeasurement.QuantityTest" time="0.0"/>
  <testcase name="givenOf0InchAnd1Inch_whenDifferentValues_ShouldreturnNotEqual" classname="com.quantitymeasurement.QuantityTest" time="0.0"/>
  <testcase name="givenStringAndFeet_whenDifferentType_shouldReturnNotEqual" classname="com.quantitymeasurement.QuantityTest" time="0.0"/>
  <testcase name="givenOf0FeetAnd1Feet_whenDifferentValues_ShouldreturnNotEqual" classname="com.quantitymeasurement.QuantityTest" time="0.0"/>
  <testcase name="givenOf1NullFeetObject_ShouldReturnNotEqual" classname="com.quantitymeasurement.QuantityTest" time="0.0"/>
  <testcase name="given1FeetAnd12Inch_shouldReturnEqual" classname="com.quantitymeasurement.QuantityTest" time="0.0"/>
  <testcase name="givenOf0InchAnd0Inch_ShouldReturnEqual" classname="com.quantitymeasurement.QuantityTest" time="0.0"/>
  <testcase name="given0InchAnd0Feet_shouldReturnEqual" classname="com.quantitymeasurement.QuantityTest" time="0.0"/>
  <testcase name="givenOfReferenceInchAndInch_ShouldReturnEqual" classname="com.quantitymeasurement.QuantityTest" time="0.0"/>
  <testcase name="given1InchAnd1Feet_shouldReturnNotEqual" classname="com.quantitymeasurement.QuantityTest" time="0.0"/>
  <testcase name="givenOfReferencefeetAndFeet_ShouldReturnEqual" classname="com.quantitymeasurement.QuantityTest" time="0.0"/>
  <system-out><![CDATA[]]></system-out>
  <system-err><![CDATA[]]></system-err>
</testsuite>
