<?xml version="1.0" encoding="UTF-8"?>
<testsuite name="com.quantitymeasurement.QuantityTest" tests="1" skipped="0" failures="0" errors="0" timestamp="2020-04-22T18:55:01" hostname="DESKTOP-DKJKMVK" time="0.004">
  <properties/>
  <testcase name="given2InchAnd5CM_shouldReturnEqual" classname="com.quantitymeasurement.QuantityTest" time="0.004"/>
  <system-out><![CDATA[]]></system-out>
  <system-err><![CDATA[]]></system-err>
</testsuite>
