<?xml version="1.0" encoding="UTF-8"?>
<testsuite name="com.quantitymeasurement.QuantityTest" tests="1" skipped="0" failures="0" errors="0" timestamp="2020-04-21T18:38:45" hostname="DESKTOP-DKJKMVK" time="0.003">
  <properties/>
  <testcase name="given0InchAnd0Feet_shouldReturnEqual" classname="com.quantitymeasurement.QuantityTest" time="0.003"/>
  <system-out><![CDATA[]]></system-out>
  <system-err><![CDATA[]]></system-err>
</testsuite>
