<?xml version="1.0" encoding="UTF-8"?>
<testsuite name="com.quantitymeasurement.QuantityTest" tests="1" skipped="0" failures="0" errors="0" timestamp="2020-04-21T18:45:11" hostname="DESKTOP-DKJKMVK" time="0.007">
  <properties/>
  <testcase name="given1FeetAnd1Inch_shouldReturnNotEqual" classname="com.quantitymeasurement.QuantityTest" time="0.007"/>
  <system-out><![CDATA[]]></system-out>
  <system-err><![CDATA[]]></system-err>
</testsuite>
