<?xml version="1.0" encoding="UTF-8"?>
<testsuite name="com.quantitymeasurement.QuantityTest" tests="4" skipped="0" failures="0" errors="0" timestamp="2020-04-21T17:23:12" hostname="DESKTOP-DKJKMVK" time="0.002">
  <properties/>
  <testcase name="givenOf1NullObject_ShouldreturnNotEqual" classname="com.quantitymeasurement.QuantityTest" time="0.002"/>
  <testcase name="givenOfReferencefeetAndFeet_ShouldreturnEqual" classname="com.quantitymeasurement.QuantityTest" time="0.0"/>
  <testcase name="givenOf0FeetAnd1Feet_ShouldreturnNotEqual" classname="com.quantitymeasurement.QuantityTest" time="0.0"/>
  <testcase name="givenOf0FeetAnd0Feet_ShouldreturnEqual" classname="com.quantitymeasurement.QuantityTest" time="0.0"/>
  <system-out><![CDATA[]]></system-out>
  <system-err><![CDATA[]]></system-err>
</testsuite>
