<?xml version="1.0" encoding="UTF-8"?>
<testsuite name="com.quantitymeasurement.QuantityTest" tests="1" skipped="0" failures="0" errors="0" timestamp="2020-04-21T17:47:38" hostname="DESKTOP-DKJKMVK" time="0.001">
  <properties/>
  <testcase name="givenOf0InchAnd0Inch_ShouldReturnEqual" classname="com.quantitymeasurement.QuantityTest" time="0.001"/>
  <system-out><![CDATA[]]></system-out>
  <system-err><![CDATA[]]></system-err>
</testsuite>
